# JRE version: 7.0_21-b02
# Java VM: OpenJDK Client VM (23.7-b01 mixed mode, sharing linux-x86 )
Heap
 def new generation   total 41408K, used 922K [0x6a940000, 0x6d620000, 0x72940000)
  eden space 36864K,   2% used [0x6a940000, 0x6aa26858, 0x6cd40000)
  from space 4544K,   0% used [0x6cd40000, 0x6cd40000, 0x6d1b0000)
  to   space 4544K,   0% used [0x6d1b0000, 0x6d1b0000, 0x6d620000)
 tenured generation   total 91768K, used 55059K [0x72940000, 0x782de000, 0x82940000)
   the space 91768K,  59% used [0x72940000, 0x75f04fc8, 0x75f05000, 0x782de000)
 compacting perm gen  total 40960K, used 40707K [0x82940000, 0x85140000, 0x92940000)
   the space 40960K,  99% used [0x82940000, 0x85100fd0, 0x85101000, 0x85140000)
    ro space 10240K,  60% used [0x92940000, 0x92f528e0, 0x92f52a00, 0x93340000)
    rw space 12288K,  61% used [0x93340000, 0x93aa8c88, 0x93aa8e00, 0x93f40000)
GC Heap History (10 events):
Event: 41.132 GC heap before
{Heap before GC invocations=33 (full 7):
 def new generation   total 29440K, used 28528K [0x6a940000, 0x6c930000, 0x72940000)
  eden space 26176K, 100% used [0x6a940000, 0x6c2d0000, 0x6c2d0000)
  from space 3264K,  72% used [0x6c600000, 0x6c84c238, 0x6c930000)
  to   space 3264K,   0% used [0x6c2d0000, 0x6c2d0000, 0x6c600000)
 tenured generation   total 65260K, used 60586K [0x72940000, 0x768fb000, 0x82940000)
   the space 65260K,  92% used [0x72940000, 0x7646abc8, 0x7646ac00, 0x768fb000)
 compacting perm gen  total 44544K, used 44336K [0x82940000, 0x854c0000, 0x92940000)
   the space 44544K,  99% used [0x82940000, 0x8548c080, 0x8548c200, 0x854c0000)
    ro space 10240K,  60% used [0x92940000, 0x92f528e0, 0x92f52a00, 0x93340000)
    rw space 12288K,  61% used [0x93340000, 0x93aa8c88, 0x93aa8e00, 0x93f40000)
Event: 41.151 GC heap after
Heap after GC invocations=34 (full 7):
 def new generation   total 29440K, used 1718K [0x6a940000, 0x6c930000, 0x72940000)
  eden space 26176K,   0% used [0x6a940000, 0x6a940000, 0x6c2d0000)
  from space 3264K,  52% used [0x6c2d0000, 0x6c47dac0, 0x6c600000)
  to   space 3264K,   0% used [0x6c600000, 0x6c600000, 0x6c930000)
 tenured generation   total 65260K, used 61694K [0x72940000, 0x768fb000, 0x82940000)
   the space 65260K,  94% used [0x72940000, 0x7657f878, 0x7657fa00, 0x768fb000)
 compacting perm gen  total 44544K, used 44336K [0x82940000, 0x854c0000, 0x92940000)
   the space 44544K,  99% used [0x82940000, 0x8548c080, 0x8548c200, 0x854c0000)
    ro space 10240K,  60% used [0x92940000, 0x92f528e0, 0x92f52a00, 0x93340000)
    rw space 12288K,  61% used [0x93340000, 0x93aa8c88, 0x93aa8e00, 0x93f40000)
}
Event: 41.352 GC heap before
{Heap before GC invocations=34 (full 7):
 def new generation   total 29440K, used 27894K [0x6a940000, 0x6c930000, 0x72940000)
  eden space 26176K, 100% used [0x6a940000, 0x6c2d0000, 0x6c2d0000)
  from space 3264K,  52% used [0x6c2d0000, 0x6c47dac0, 0x6c600000)
  to   space 3264K,   0% used [0x6c600000, 0x6c600000, 0x6c930000)
 tenured generation   total 65260K, used 61694K [0x72940000, 0x768fb000, 0x82940000)
   the space 65260K,  94% used [0x72940000, 0x7657f878, 0x7657fa00, 0x768fb000)
 compacting perm gen  total 44544K, used 44350K [0x82940000, 0x854c0000, 0x92940000)
   the space 44544K,  99% used [0x82940000, 0x8548fb50, 0x8548fc00, 0x854c0000)
    ro space 10240K,  60% used [0x92940000, 0x92f528e0, 0x92f52a00, 0x93340000)
    rw space 12288K,  61% used [0x93340000, 0x93aa8c88, 0x93aa8e00, 0x93f40000)
Event: 41.376 GC heap after
Heap after GC invocations=35 (full 7):
 def new generation   total 29440K, used 2129K [0x6a940000, 0x6c930000, 0x72940000)
  eden space 26176K,   0% used [0x6a940000, 0x6a940000, 0x6c2d0000)
  from space 3264K,  65% used [0x6c600000, 0x6c8147f8, 0x6c930000)
  to   space 3264K,   0% used [0x6c2d0000, 0x6c2d0000, 0x6c600000)
 tenured generation   total 65260K, used 62286K [0x72940000, 0x768fb000, 0x82940000)
   the space 65260K,  95% used [0x72940000, 0x76613970, 0x76613a00, 0x768fb000)
 compacting perm gen  total 44544K, used 44350K [0x82940000, 0x854c0000, 0x92940000)
   the space 44544K,  99% used [0x82940000, 0x8548fb50, 0x8548fc00, 0x854c0000)
    ro space 10240K,  60% used [0x92940000, 0x92f528e0, 0x92f52a00, 0x93340000)
    rw space 12288K,  61% used [0x93340000, 0x93aa8c88, 0x93aa8e00, 0x93f40000)
}
Event: 41.476 GC heap before
{Heap before GC invocations=35 (full 7):
 def new generation   total 29440K, used 28305K [0x6a940000, 0x6c930000, 0x72940000)
  eden space 26176K, 100% used [0x6a940000, 0x6c2d0000, 0x6c2d0000)
  from space 3264K,  65% used [0x6c600000, 0x6c8147f8, 0x6c930000)
  to   space 3264K,   0% used [0x6c2d0000, 0x6c2d0000, 0x6c600000)
 tenured generation   total 65260K, used 62286K [0x72940000, 0x768fb000, 0x82940000)
   the space 65260K,  95% used [0x72940000, 0x76613970, 0x76613a00, 0x768fb000)
 compacting perm gen  total 44544K, used 44350K [0x82940000, 0x854c0000, 0x92940000)
   the space 44544K,  99% used [0x82940000, 0x8548fb50, 0x8548fc00, 0x854c0000)
    ro space 10240K,  60% used [0x92940000, 0x92f528e0, 0x92f52a00, 0x93340000)
    rw space 12288K,  61% used [0x93340000, 0x93aa8c88, 0x93aa8e00, 0x93f40000)
Event: 41.502 GC heap after
Heap after GC invocations=36 (full 7):
 def new generation   total 29440K, used 1446K [0x6a940000, 0x6c930000, 0x72940000)
  eden space 26176K,   0% used [0x6a940000, 0x6a940000, 0x6c2d0000)
  from space 3264K,  44% used [0x6c2d0000, 0x6c439bd8, 0x6c600000)
  to   space 3264K,   0% used [0x6c600000, 0x6c600000, 0x6c930000)
 tenured generation   total 65260K, used 64265K [0x72940000, 0x768fb000, 0x82940000)
   the space 65260K,  98% used [0x72940000, 0x76802710, 0x76802800, 0x768fb000)
 compacting perm gen  total 44544K, used 44350K [0x82940000, 0x854c0000, 0x92940000)
   the space 44544K,  99% used [0x82940000, 0x8548fb50, 0x8548fc00, 0x854c0000)
    ro space 10240K,  60% used [0x92940000, 0x92f528e0, 0x92f52a00, 0x93340000)
    rw space 12288K,  61% used [0x93340000, 0x93aa8c88, 0x93aa8e00, 0x93f40000)
}
Event: 61.758 GC heap before
{Heap before GC invocations=36 (full 7):
 def new generation   total 29440K, used 27622K [0x6a940000, 0x6c930000, 0x72940000)
  eden space 26176K, 100% used [0x6a940000, 0x6c2d0000, 0x6c2d0000)
  from space 3264K,  44% used [0x6c2d0000, 0x6c439bd8, 0x6c600000)
  to   space 3264K,   0% used [0x6c600000, 0x6c600000, 0x6c930000)
 tenured generation   total 65260K, used 64265K [0x72940000, 0x768fb000, 0x82940000)
   the space 65260K,  98% used [0x72940000, 0x76802710, 0x76802800, 0x768fb000)
 compacting perm gen  total 45056K, used 44943K [0x82940000, 0x85540000, 0x92940000)
   the space 45056K,  99% used [0x82940000, 0x85523e50, 0x85524000, 0x85540000)
    ro space 10240K,  60% used [0x92940000, 0x92f528e0, 0x92f52a00, 0x93340000)
    rw space 12288K,  61% used [0x93340000, 0x93aa8c88, 0x93aa8e00, 0x93f40000)
Event: 61.784 GC heap after
Heap after GC invocations=37 (full 7):
 def new generation   total 29440K, used 3264K [0x6a940000, 0x6c930000, 0x72940000)
  eden space 26176K,   0% used [0x6a940000, 0x6a940000, 0x6c2d0000)
  from space 3264K, 100% used [0x6c600000, 0x6c930000, 0x6c930000)
  to   space 3264K,   0% used [0x6c2d0000, 0x6c2d0000, 0x6c600000)
 tenured generation   total 65260K, used 64903K [0x72940000, 0x768fb000, 0x82940000)
   the space 65260K,  99% used [0x72940000, 0x768a1ca8, 0x768a1e00, 0x768fb000)
 compacting perm gen  total 45056K, used 44943K [0x82940000, 0x85540000, 0x92940000)
   the space 45056K,  99% used [0x82940000, 0x85523e50, 0x85524000, 0x85540000)
    ro space 10240K,  60% used [0x92940000, 0x92f528e0, 0x92f52a00, 0x93340000)
    rw space 12288K,  61% used [0x93340000, 0x93aa8c88, 0x93aa8e00, 0x93f40000)
}
Event: 61.822 GC heap before
{Heap before GC invocations=37 (full 7):
 def new generation   total 29440K, used 5526K [0x6a940000, 0x6c930000, 0x72940000)
  eden space 26176K,   8% used [0x6a940000, 0x6ab75a40, 0x6c2d0000)
  from space 3264K, 100% used [0x6c600000, 0x6c930000, 0x6c930000)
  to   space 3264K,   0% used [0x6c2d0000, 0x6c2d0000, 0x6c600000)
 tenured generation   total 65260K, used 64903K [0x72940000, 0x768fb000, 0x82940000)
   the space 65260K,  99% used [0x72940000, 0x768a1ca8, 0x768a1e00, 0x768fb000)
 compacting perm gen  total 45056K, used 45055K [0x82940000, 0x85540000, 0x92940000)
   the space 45056K,  99% used [0x82940000, 0x8553ff50, 0x85540000, 0x85540000)
    ro space 10240K,  60% used [0x92940000, 0x92f528e0, 0x92f52a00, 0x93340000)
    rw space 12288K,  61% used [0x93340000, 0x93aa8c88, 0x93aa8e00, 0x93f40000)
Event: 62.265 GC heap after
Heap after GC invocations=38 (full 8):
 def new generation   total 41408K, used 0K [0x6a940000, 0x6d620000, 0x72940000)
  eden space 36864K,   0% used [0x6a940000, 0x6a940000, 0x6cd40000)
  from space 4544K,   0% used [0x6cd40000, 0x6cd40000, 0x6d1b0000)
  to   space 4544K,   0% used [0x6d1b0000, 0x6d1b0000, 0x6d620000)
 tenured generation   total 91768K, used 55059K [0x72940000, 0x782de000, 0x82940000)
   the space 91768K,  59% used [0x72940000, 0x75f04fc8, 0x75f05000, 0x782de000)
 compacting perm gen  total 40448K, used 40386K [0x82940000, 0x850c0000, 0x92940000)
   the space 40448K,  99% used [0x82940000, 0x850b09e8, 0x850b0a00, 0x850c0000)
    ro space 10240K,  60% used [0x92940000, 0x92f528e0, 0x92f52a00, 0x93340000)
    rw space 12288K,  61% used [0x93340000, 0x93aa8c88, 0x93aa8e00, 0x93f40000)
}

